<?xml version="1.0" encoding="UTF-8"?>
<coverage generated="1732714584797" clover="3.2.0">
  <project timestamp="1732714584797" name="All files">
    <metrics statements="28" coveredstatements="17" conditionals="7" coveredconditionals="7" methods="13" coveredmethods="6" elements="48" coveredelements="30" complexity="0" loc="28" ncloc="28" packages="3" files="4" classes="4"/>
    <package name="src">
      <metrics statements="14" coveredstatements="3" conditionals="0" coveredconditionals="0" methods="8" coveredmethods="1"/>
      <file name="api.ts" path="E:\personal\react-testing\src\api.ts">
        <metrics statements="13" coveredstatements="2" conditionals="0" coveredconditionals="0" methods="7" coveredmethods="0"/>
        <line num="4" count="1" type="stmt"/>
        <line num="5" count="0" type="stmt"/>
        <line num="6" count="0" type="stmt"/>
        <line num="10" count="0" type="stmt"/>
        <line num="11" count="0" type="stmt"/>
        <line num="14" count="1" type="stmt"/>
        <line num="24" count="0" type="stmt"/>
        <line num="28" count="0" type="stmt"/>
        <line num="29" count="0" type="stmt"/>
        <line num="35" count="0" type="stmt"/>
        <line num="36" count="0" type="stmt"/>
        <line num="40" count="0" type="stmt"/>
        <line num="41" count="0" type="stmt"/>
      </file>
      <file name="utils.ts" path="E:\personal\react-testing\src\utils.ts">
        <metrics statements="1" coveredstatements="1" conditionals="0" coveredconditionals="0" methods="1" coveredmethods="1"/>
        <line num="2" count="1" type="stmt"/>
      </file>
    </package>
    <package name="src.components.FavoriteNumber">
      <metrics statements="7" coveredstatements="7" conditionals="7" coveredconditionals="7" methods="2" coveredmethods="2"/>
      <file name="FavoriteNumber.tsx" path="E:\personal\react-testing\src\components\FavoriteNumber\FavoriteNumber.tsx">
        <metrics statements="7" coveredstatements="7" conditionals="7" coveredconditionals="7" methods="2" coveredmethods="2"/>
        <line num="9" count="8" type="stmt"/>
        <line num="10" count="8" type="stmt"/>
        <line num="12" count="8" type="stmt"/>
        <line num="13" count="3" type="stmt"/>
        <line num="14" count="3" type="stmt"/>
        <line num="17" count="8" type="cond" truecount="3" falsecount="0"/>
        <line num="19" count="8" type="stmt"/>
      </file>
    </package>
    <package name="src.components.GreetingLoader">
      <metrics statements="7" coveredstatements="7" conditionals="0" coveredconditionals="0" methods="3" coveredmethods="3"/>
      <file name="GreetingLoader.tsx" path="E:\personal\react-testing\src\components\GreetingLoader\GreetingLoader.tsx">
        <metrics statements="7" coveredstatements="7" conditionals="0" coveredconditionals="0" methods="3" coveredmethods="3"/>
        <line num="5" count="6" type="stmt"/>
        <line num="6" count="6" type="stmt"/>
        <line num="8" count="1" type="stmt"/>
        <line num="9" count="1" type="stmt"/>
        <line num="10" count="1" type="stmt"/>
        <line num="12" count="6" type="stmt"/>
        <line num="18" count="4" type="stmt"/>
      </file>
    </package>
  </project>
</coverage>
