{"E:\\personal\\react-testing\\src\\api.ts": {"path":"E:\\personal\\react-testing\\src\\api.ts","statementMap":{"0":{"start":{"line":4,"column":14},"end":{"line":7,"column":3}},"1":{"start":{"line":5,"column":1},"end":{"line":7,"column":3}},"2":{"start":{"line":6,"column":2},"end":{"line":6,"column":28}},"3":{"start":{"line":10,"column":1},"end":{"line":10,"column":19}},"4":{"start":{"line":11,"column":1},"end":{"line":11,"column":37}},"5":{"start":{"line":14,"column":28},"end":{"line":21,"column":1}},"6":{"start":{"line":24,"column":1},"end":{"line":24,"column":76}},"7":{"start":{"line":28,"column":1},"end":{"line":28,"column":19}},"8":{"start":{"line":29,"column":1},"end":{"line":29,"column":64}},"9":{"start":{"line":35,"column":1},"end":{"line":35,"column":19}},"10":{"start":{"line":36,"column":1},"end":{"line":36,"column":26}},"11":{"start":{"line":40,"column":1},"end":{"line":40,"column":19}},"12":{"start":{"line":41,"column":1},"end":{"line":41,"column":26}}},"fnMap":{"0":{"name":"(anonymous_0)","decl":{"start":{"line":4,"column":14},"end":{"line":4,"column":15}},"loc":{"start":{"line":5,"column":1},"end":{"line":7,"column":3}},"line":5},"1":{"name":"(anonymous_1)","decl":{"start":{"line":5,"column":13},"end":{"line":5,"column":14}},"loc":{"start":{"line":5,"column":26},"end":{"line":7,"column":2}},"line":5},"2":{"name":"savePost","decl":{"start":{"line":9,"column":15},"end":{"line":9,"column":23}},"loc":{"start":{"line":9,"column":39},"end":{"line":12,"column":1}},"line":9},"3":{"name":"loadGreeting","decl":{"start":{"line":23,"column":15},"end":{"line":23,"column":27}},"loc":{"start":{"line":23,"column":45},"end":{"line":25,"column":1}},"line":23},"4":{"name":"fetchRandomGreeting","decl":{"start":{"line":27,"column":15},"end":{"line":27,"column":34}},"loc":{"start":{"line":27,"column":37},"end":{"line":30,"column":1}},"line":27},"5":{"name":"reportError","decl":{"start":{"line":34,"column":15},"end":{"line":34,"column":26}},"loc":{"start":{"line":34,"column":29},"end":{"line":37,"column":1}},"line":34},"6":{"name":"submitForm","decl":{"start":{"line":39,"column":15},"end":{"line":39,"column":25}},"loc":{"start":{"line":39,"column":28},"end":{"line":42,"column":1}},"line":39}},"branchMap":{},"s":{"0":1,"1":0,"2":0,"3":0,"4":0,"5":1,"6":0,"7":0,"8":0,"9":0,"10":0,"11":0,"12":0},"f":{"0":0,"1":0,"2":0,"3":0,"4":0,"5":0,"6":0},"b":{},"_coverageSchema":"1a1c01bbd47fc00a2c39e90264f33305004495a9","hash":"5543bf8f1b552ad5585ce9804acf22c941b4c542"}
,"E:\\personal\\react-testing\\src\\utils.ts": {"path":"E:\\personal\\react-testing\\src\\utils.ts","statementMap":{"0":{"start":{"line":2,"column":1},"end":{"line":2,"column":14}}},"fnMap":{"0":{"name":"addNumbers","decl":{"start":{"line":1,"column":16},"end":{"line":1,"column":26}},"loc":{"start":{"line":1,"column":57},"end":{"line":3,"column":1}},"line":1}},"branchMap":{},"s":{"0":1},"f":{"0":1},"b":{},"_coverageSchema":"1a1c01bbd47fc00a2c39e90264f33305004495a9","hash":"2b35475c2c7a716ab3d5babca032f60de3b309a1"}
,"E:\\personal\\react-testing\\src\\components\\FavoriteNumber\\FavoriteNumber.tsx": {"path":"E:\\personal\\react-testing\\src\\components\\FavoriteNumber\\FavoriteNumber.tsx","statementMap":{"0":{"start":{"line":9,"column":29},"end":{"line":9,"column":50}},"1":{"start":{"line":10,"column":43},"end":{"line":10,"column":67}},"2":{"start":{"line":12,"column":22},"end":{"line":15,"column":2}},"3":{"start":{"line":13,"column":2},"end":{"line":13,"column":40}},"4":{"start":{"line":14,"column":2},"end":{"line":14,"column":25}},"5":{"start":{"line":17,"column":17},"end":{"line":17,"column":67}},"6":{"start":{"line":19,"column":1},"end":{"line":40,"column":3}}},"fnMap":{"0":{"name":"FavoriteNumber","decl":{"start":{"line":8,"column":9},"end":{"line":8,"column":23}},"loc":{"start":{"line":8,"column":68},"end":{"line":41,"column":1}},"line":8},"1":{"name":"(anonymous_1)","decl":{"start":{"line":12,"column":22},"end":{"line":12,"column":23}},"loc":{"start":{"line":12,"column":70},"end":{"line":15,"column":2}},"line":12}},"branchMap":{"0":{"loc":{"start":{"line":8,"column":26},"end":{"line":8,"column":33}},"type":"default-arg","locations":[{"start":{"line":8,"column":32},"end":{"line":8,"column":33}}],"line":8},"1":{"loc":{"start":{"line":8,"column":35},"end":{"line":8,"column":42}},"type":"default-arg","locations":[{"start":{"line":8,"column":41},"end":{"line":8,"column":42}}],"line":8},"2":{"loc":{"start":{"line":17,"column":17},"end":{"line":17,"column":67}},"type":"binary-expr","locations":[{"start":{"line":17,"column":17},"end":{"line":17,"column":31}},{"start":{"line":17,"column":36},"end":{"line":17,"column":49}},{"start":{"line":17,"column":53},"end":{"line":17,"column":66}}],"line":17},"3":{"loc":{"start":{"line":34,"column":4},"end":{"line":38,"column":11}},"type":"cond-expr","locations":[{"start":{"line":35,"column":4},"end":{"line":37,"column":10}},{"start":{"line":38,"column":7},"end":{"line":38,"column":11}}],"line":34}},"s":{"0":8,"1":8,"2":8,"3":3,"4":3,"5":8,"6":8},"f":{"0":8,"1":3},"b":{"0":[8],"1":[7],"2":[8,4,3],"3":[2,6]},"_coverageSchema":"1a1c01bbd47fc00a2c39e90264f33305004495a9","hash":"c1fac703490009f18aaba4dd2fd5eaf25ce65480"}
,"E:\\personal\\react-testing\\src\\components\\GreetingLoader\\GreetingLoader.tsx": {"path":"E:\\personal\\react-testing\\src\\components\\GreetingLoader\\GreetingLoader.tsx","statementMap":{"0":{"start":{"line":5,"column":33},"end":{"line":5,"column":59}},"1":{"start":{"line":6,"column":25},"end":{"line":6,"column":55}},"2":{"start":{"line":8,"column":2},"end":{"line":8,"column":25}},"3":{"start":{"line":9,"column":19},"end":{"line":9,"column":43}},"4":{"start":{"line":10,"column":2},"end":{"line":10,"column":29}},"5":{"start":{"line":12,"column":1},"end":{"line":23,"column":3}},"6":{"start":{"line":18,"column":25},"end":{"line":18,"column":52}}},"fnMap":{"0":{"name":"GreetingLoader","decl":{"start":{"line":4,"column":9},"end":{"line":4,"column":23}},"loc":{"start":{"line":4,"column":26},"end":{"line":24,"column":1}},"line":4},"1":{"name":"loadGreetingForInput","decl":{"start":{"line":7,"column":16},"end":{"line":7,"column":36}},"loc":{"start":{"line":7,"column":78},"end":{"line":11,"column":2}},"line":7},"2":{"name":"(anonymous_2)","decl":{"start":{"line":18,"column":14},"end":{"line":18,"column":15}},"loc":{"start":{"line":18,"column":25},"end":{"line":18,"column":52}},"line":18}},"branchMap":{},"s":{"0":6,"1":6,"2":1,"3":1,"4":1,"5":6,"6":4},"f":{"0":6,"1":1,"2":4},"b":{},"_coverageSchema":"1a1c01bbd47fc00a2c39e90264f33305004495a9","hash":"8c395ed9e22999392755196a420dc84f595446bd"}
}
