TN:
SF:src\api.ts
FN:4,(anonymous_0)
FN:5,(anonymous_1)
FN:9,savePost
FN:23,loadGreeting
FN:27,fetchRandomGreeting
FN:34,reportError
FN:39,submitForm
FNF:7
FNH:0
FNDA:0,(anonymous_0)
FNDA:0,(anonymous_1)
FNDA:0,savePost
FNDA:0,loadGreeting
FNDA:0,fetchRandomGreeting
FNDA:0,reportError
FNDA:0,submitForm
DA:4,1
DA:5,0
DA:6,0
DA:10,0
DA:11,0
DA:14,1
DA:24,0
DA:28,0
DA:29,0
DA:35,0
DA:36,0
DA:40,0
DA:41,0
LF:13
LH:2
BRF:0
BRH:0
end_of_record
TN:
SF:src\utils.ts
FN:1,addNumbers
FNF:1
FNH:1
FNDA:1,addNumbers
DA:2,1
LF:1
LH:1
BRF:0
BRH:0
end_of_record
TN:
SF:src\components\FavoriteNumber\FavoriteNumber.tsx
FN:8,FavoriteNumber
FN:12,(anonymous_1)
FNF:2
FNH:2
FNDA:8,FavoriteNumber
FNDA:3,(anonymous_1)
DA:9,8
DA:10,8
DA:12,8
DA:13,3
DA:14,3
DA:17,8
DA:19,8
LF:7
LH:7
BRDA:8,0,0,8
BRDA:8,1,0,7
BRDA:17,2,0,8
BRDA:17,2,1,4
BRDA:17,2,2,3
BRDA:34,3,0,2
BRDA:34,3,1,6
BRF:7
BRH:7
end_of_record
TN:
SF:src\components\GreetingLoader\GreetingLoader.tsx
FN:4,GreetingLoader
FN:7,loadGreetingForInput
FN:18,(anonymous_2)
FNF:3
FNH:3
FNDA:6,GreetingLoader
FNDA:1,loadGreetingForInput
FNDA:4,(anonymous_2)
DA:5,6
DA:6,6
DA:8,1
DA:9,1
DA:10,1
DA:12,6
DA:18,4
LF:7
LH:7
BRF:0
BRH:0
end_of_record
